::1 - - [24/Nov/2025:06:43:09 +0000] "GET /api/health HTTP/1.1" 200 137 "-" "PostmanRuntime/7.50.0"
::1 - - [24/Nov/2025:06:44:27 +0000] "GET /api/metrics HTTP/1.1" 200 218 "-" "PostmanRuntime/7.50.0"
::1 - - [24/Nov/2025:06:45:14 +0000] "GET /api/info HTTP/1.1" 200 509 "-" "PostmanRuntime/7.50.0"
::1 - - [24/Nov/2025:06:46:16 +0000] "GET /api/members HTTP/1.1" 200 251 "-" "PostmanRuntime/7.50.0"
::1 - - [24/Nov/2025:06:47:10 +0000] "GET /api/members/1 HTTP/1.1" 200 100 "-" "PostmanRuntime/7.50.0"
::1 - - [24/Nov/2025:06:48:56 +0000] "POST /api/members HTTP/1.1" 201 101 "-" "PostmanRuntime/7.50.0"
::1 - - [24/Nov/2025:06:51:55 +0000] "GET /api/members/1 HTTP/1.1" 200 100 "-" "PostmanRuntime/7.50.0"
::1 - - [24/Nov/2025:06:52:31 +0000] "PUT /api/members/1 HTTP/1.1" 200 113 "-" "PostmanRuntime/7.50.0"
::1 - - [24/Nov/2025:06:53:31 +0000] "DELETE /api/members/2 HTTP/1.1" 204 - "-" "PostmanRuntime/7.50.0"
::1 - - [24/Nov/2025:06:54:32 +0000] "GET /api/members HTTP/1.1" 200 262 "-" "PostmanRuntime/7.50.0"
::1 - - [24/Nov/2025:06:54:33 +0000] "GET /api/members HTTP/1.1" 200 262 "-" "PostmanRuntime/7.50.0"
::1 - - [24/Nov/2025:06:54:46 +0000] "GET /api/members HTTP/1.1" 200 262 "-" "PostmanRuntime/7.50.0"
::1 - - [24/Nov/2025:06:54:47 +0000] "GET /api/members HTTP/1.1" 200 262 "-" "PostmanRuntime/7.50.0"
::1 - - [24/Nov/2025:06:54:48 +0000] "GET /api/members HTTP/1.1" 200 262 "-" "PostmanRuntime/7.50.0"
::1 - - [24/Nov/2025:06:54:50 +0000] "GET /api/members HTTP/1.1" 200 262 "-" "PostmanRuntime/7.50.0"
::1 - - [24/Nov/2025:06:54:50 +0000] "GET /api/members HTTP/1.1" 200 262 "-" "PostmanRuntime/7.50.0"
::1 - - [24/Nov/2025:06:54:52 +0000] "GET /api/members HTTP/1.1" 200 262 "-" "PostmanRuntime/7.50.0"
::1 - - [24/Nov/2025:06:54:53 +0000] "GET /api/members HTTP/1.1" 200 262 "-" "PostmanRuntime/7.50.0"
::1 - - [24/Nov/2025:06:54:53 +0000] "GET /api/members HTTP/1.1" 200 262 "-" "PostmanRuntime/7.50.0"
::1 - - [24/Nov/2025:06:54:55 +0000] "GET /api/members HTTP/1.1" 200 262 "-" "PostmanRuntime/7.50.0"
::1 - - [24/Nov/2025:06:54:55 +0000] "GET /api/members HTTP/1.1" 200 262 "-" "PostmanRuntime/7.50.0"
::1 - - [24/Nov/2025:06:54:56 +0000] "GET /api/members HTTP/1.1" 200 262 "-" "PostmanRuntime/7.50.0"
::1 - - [24/Nov/2025:06:54:57 +0000] "GET /api/members HTTP/1.1" 200 262 "-" "PostmanRuntime/7.50.0"
::1 - - [24/Nov/2025:06:54:58 +0000] "GET /api/members HTTP/1.1" 200 262 "-" "PostmanRuntime/7.50.0"
::1 - - [24/Nov/2025:06:55:00 +0000] "GET /api/members HTTP/1.1" 200 262 "-" "PostmanRuntime/7.50.0"
::1 - - [24/Nov/2025:06:55:06 +0000] "GET /api/members HTTP/1.1" 200 262 "-" "PostmanRuntime/7.50.0"
::1 - - [24/Nov/2025:06:55:12 +0000] "GET /api/members HTTP/1.1" 200 262 "-" "PostmanRuntime/7.50.0"
::1 - - [24/Nov/2025:06:55:23 +0000] "GET /api/members HTTP/1.1" 200 262 "-" "PostmanRuntime/7.50.0"
::1 - - [24/Nov/2025:06:55:24 +0000] "GET /api/members HTTP/1.1" 200 262 "-" "PostmanRuntime/7.50.0"
::1 - - [24/Nov/2025:06:55:27 +0000] "GET /api/members HTTP/1.1" 200 262 "-" "PostmanRuntime/7.50.0"
::1 - - [24/Nov/2025:06:55:34 +0000] "GET /api/members HTTP/1.1" 200 262 "-" "PostmanRuntime/7.50.0"
::1 - - [24/Nov/2025:06:55:35 +0000] "GET /api/members HTTP/1.1" 200 262 "-" "PostmanRuntime/7.50.0"
::1 - - [24/Nov/2025:06:55:37 +0000] "GET /api/members HTTP/1.1" 200 262 "-" "PostmanRuntime/7.50.0"
::1 - - [24/Nov/2025:06:55:38 +0000] "GET /api/members HTTP/1.1" 200 262 "-" "PostmanRuntime/7.50.0"
::1 - - [24/Nov/2025:06:55:39 +0000] "GET /api/members HTTP/1.1" 200 262 "-" "PostmanRuntime/7.50.0"
::1 - - [24/Nov/2025:06:55:41 +0000] "GET /api/members HTTP/1.1" 200 262 "-" "PostmanRuntime/7.50.0"
::1 - - [24/Nov/2025:06:55:42 +0000] "GET /api/members HTTP/1.1" 200 262 "-" "PostmanRuntime/7.50.0"
::1 - - [24/Nov/2025:06:55:42 +0000] "GET /api/members HTTP/1.1" 200 262 "-" "PostmanRuntime/7.50.0"
::1 - - [24/Nov/2025:06:55:43 +0000] "GET /api/members HTTP/1.1" 200 262 "-" "PostmanRuntime/7.50.0"
::1 - - [24/Nov/2025:06:55:43 +0000] "GET /api/members HTTP/1.1" 200 262 "-" "PostmanRuntime/7.50.0"
::1 - - [24/Nov/2025:06:55:44 +0000] "GET /api/members HTTP/1.1" 200 262 "-" "PostmanRuntime/7.50.0"
::1 - - [24/Nov/2025:06:55:45 +0000] "GET /api/members HTTP/1.1" 200 262 "-" "PostmanRuntime/7.50.0"
::1 - - [24/Nov/2025:06:55:46 +0000] "GET /api/members HTTP/1.1" 200 262 "-" "PostmanRuntime/7.50.0"
::1 - - [24/Nov/2025:06:55:47 +0000] "GET /api/members HTTP/1.1" 200 262 "-" "PostmanRuntime/7.50.0"
::1 - - [24/Nov/2025:06:55:47 +0000] "GET /api/members HTTP/1.1" 200 262 "-" "PostmanRuntime/7.50.0"
::1 - - [24/Nov/2025:06:55:48 +0000] "GET /api/members HTTP/1.1" 200 262 "-" "PostmanRuntime/7.50.0"
::1 - - [24/Nov/2025:06:55:49 +0000] "GET /api/members HTTP/1.1" 200 262 "-" "PostmanRuntime/7.50.0"
::1 - - [24/Nov/2025:06:55:50 +0000] "GET /api/members HTTP/1.1" 200 262 "-" "PostmanRuntime/7.50.0"
::1 - - [24/Nov/2025:06:55:50 +0000] "GET /api/members HTTP/1.1" 200 262 "-" "PostmanRuntime/7.50.0"
::1 - - [24/Nov/2025:06:55:51 +0000] "GET /api/members HTTP/1.1" 200 262 "-" "PostmanRuntime/7.50.0"
::1 - - [24/Nov/2025:06:55:51 +0000] "GET /api/members HTTP/1.1" 200 262 "-" "PostmanRuntime/7.50.0"
::1 - - [24/Nov/2025:06:55:52 +0000] "GET /api/members HTTP/1.1" 200 262 "-" "PostmanRuntime/7.50.0"
::1 - - [24/Nov/2025:06:55:53 +0000] "GET /api/members HTTP/1.1" 200 262 "-" "PostmanRuntime/7.50.0"
::1 - - [24/Nov/2025:06:55:54 +0000] "GET /api/members HTTP/1.1" 200 262 "-" "PostmanRuntime/7.50.0"
::1 - - [24/Nov/2025:06:55:55 +0000] "GET /api/members HTTP/1.1" 200 262 "-" "PostmanRuntime/7.50.0"
::1 - - [24/Nov/2025:06:55:56 +0000] "GET /api/members HTTP/1.1" 200 262 "-" "PostmanRuntime/7.50.0"
::1 - - [24/Nov/2025:06:55:57 +0000] "GET /api/members HTTP/1.1" 200 262 "-" "PostmanRuntime/7.50.0"
::1 - - [24/Nov/2025:06:55:57 +0000] "GET /api/members HTTP/1.1" 200 262 "-" "PostmanRuntime/7.50.0"
::1 - - [24/Nov/2025:06:55:58 +0000] "GET /api/members HTTP/1.1" 200 262 "-" "PostmanRuntime/7.50.0"
::1 - - [24/Nov/2025:06:55:59 +0000] "GET /api/members HTTP/1.1" 200 262 "-" "PostmanRuntime/7.50.0"
::1 - - [24/Nov/2025:06:56:00 +0000] "GET /api/members HTTP/1.1" 200 262 "-" "PostmanRuntime/7.50.0"
::1 - - [24/Nov/2025:06:56:31 +0000] "GET /api/members HTTP/1.1" 200 262 "-" "PostmanRuntime/7.50.0"
::1 - - [24/Nov/2025:06:56:32 +0000] "GET /api/members HTTP/1.1" 200 262 "-" "PostmanRuntime/7.50.0"
::1 - - [24/Nov/2025:06:56:33 +0000] "GET /api/members HTTP/1.1" 200 262 "-" "PostmanRuntime/7.50.0"
::1 - - [24/Nov/2025:06:56:34 +0000] "GET /api/members HTTP/1.1" 200 262 "-" "PostmanRuntime/7.50.0"
::1 - - [24/Nov/2025:06:56:34 +0000] "GET /api/members HTTP/1.1" 200 262 "-" "PostmanRuntime/7.50.0"
::1 - - [24/Nov/2025:06:56:50 +0000] "GET /api/members HTTP/1.1" 200 262 "-" "PostmanRuntime/7.50.0"
::1 - - [24/Nov/2025:06:56:53 +0000] "GET /api/members HTTP/1.1" 200 262 "-" "PostmanRuntime/7.50.0"
::1 - - [24/Nov/2025:06:56:54 +0000] "GET /api/members HTTP/1.1" 200 262 "-" "PostmanRuntime/7.50.0"
::1 - - [24/Nov/2025:06:57:00 +0000] "GET /api/members HTTP/1.1" 200 262 "-" "PostmanRuntime/7.50.0"
::1 - - [24/Nov/2025:06:57:04 +0000] "GET /api/members HTTP/1.1" 200 262 "-" "PostmanRuntime/7.50.0"
::1 - - [24/Nov/2025:06:57:05 +0000] "GET /api/members HTTP/1.1" 200 262 "-" "PostmanRuntime/7.50.0"
::1 - - [24/Nov/2025:06:57:05 +0000] "GET /api/members HTTP/1.1" 200 262 "-" "PostmanRuntime/7.50.0"
::1 - - [24/Nov/2025:06:57:08 +0000] "GET /api/members HTTP/1.1" 200 262 "-" "PostmanRuntime/7.50.0"
::1 - - [24/Nov/2025:06:57:09 +0000] "GET /api/members HTTP/1.1" 200 262 "-" "PostmanRuntime/7.50.0"
::1 - - [24/Nov/2025:06:57:10 +0000] "GET /api/members HTTP/1.1" 200 262 "-" "PostmanRuntime/7.50.0"
::1 - - [24/Nov/2025:06:57:10 +0000] "GET /api/members HTTP/1.1" 200 262 "-" "PostmanRuntime/7.50.0"
::1 - - [24/Nov/2025:06:57:12 +0000] "GET /api/members HTTP/1.1" 200 262 "-" "PostmanRuntime/7.50.0"
::1 - - [24/Nov/2025:06:57:13 +0000] "GET /api/members HTTP/1.1" 200 262 "-" "PostmanRuntime/7.50.0"
::1 - - [24/Nov/2025:06:57:14 +0000] "GET /api/members HTTP/1.1" 200 262 "-" "PostmanRuntime/7.50.0"
::1 - - [24/Nov/2025:06:57:14 +0000] "GET /api/members HTTP/1.1" 200 262 "-" "PostmanRuntime/7.50.0"
::1 - - [24/Nov/2025:06:57:17 +0000] "GET /api/members HTTP/1.1" 200 262 "-" "PostmanRuntime/7.50.0"
::1 - - [24/Nov/2025:06:57:21 +0000] "GET /api/members HTTP/1.1" 200 262 "-" "PostmanRuntime/7.50.0"
::1 - - [24/Nov/2025:06:57:23 +0000] "GET /api/members HTTP/1.1" 200 262 "-" "PostmanRuntime/7.50.0"
::1 - - [24/Nov/2025:06:57:25 +0000] "GET /api/members HTTP/1.1" 200 262 "-" "PostmanRuntime/7.50.0"
::1 - - [24/Nov/2025:06:57:33 +0000] "GET /api/members HTTP/1.1" 200 262 "-" "PostmanRuntime/7.50.0"
::1 - - [24/Nov/2025:06:57:50 +0000] "GET /api/members HTTP/1.1" 200 262 "-" "PostmanRuntime/7.50.0"
::1 - - [24/Nov/2025:06:57:55 +0000] "GET /api/members HTTP/1.1" 200 262 "-" "PostmanRuntime/7.50.0"
::1 - - [24/Nov/2025:06:57:56 +0000] "GET /api/members HTTP/1.1" 200 262 "-" "PostmanRuntime/7.50.0"
::1 - - [24/Nov/2025:06:57:56 +0000] "GET /api/members HTTP/1.1" 200 262 "-" "PostmanRuntime/7.50.0"
::1 - - [24/Nov/2025:06:58:02 +0000] "GET /api/members HTTP/1.1" 200 262 "-" "PostmanRuntime/7.50.0"
::1 - - [24/Nov/2025:06:58:08 +0000] "GET /api/members HTTP/1.1" 200 262 "-" "PostmanRuntime/7.50.0"
::1 - - [24/Nov/2025:06:58:09 +0000] "GET /api/members HTTP/1.1" 200 262 "-" "PostmanRuntime/7.50.0"
::1 - - [24/Nov/2025:06:58:12 +0000] "GET /api/members HTTP/1.1" 200 262 "-" "PostmanRuntime/7.50.0"
::1 - - [24/Nov/2025:06:58:22 +0000] "GET /api/members HTTP/1.1" 200 262 "-" "PostmanRuntime/7.50.0"
::1 - - [24/Nov/2025:06:58:28 +0000] "GET /api/members HTTP/1.1" 200 262 "-" "PostmanRuntime/7.50.0"
::1 - - [24/Nov/2025:06:58:31 +0000] "GET /api/members HTTP/1.1" 200 262 "-" "PostmanRuntime/7.50.0"
::1 - - [24/Nov/2025:06:58:32 +0000] "GET /api/members HTTP/1.1" 200 262 "-" "PostmanRuntime/7.50.0"
::1 - - [24/Nov/2025:06:58:39 +0000] "GET /api/members HTTP/1.1" 200 262 "-" "PostmanRuntime/7.50.0"
::1 - - [24/Nov/2025:06:58:41 +0000] "GET /api/members HTTP/1.1" 200 262 "-" "PostmanRuntime/7.50.0"
::1 - - [24/Nov/2025:06:58:41 +0000] "GET /api/members HTTP/1.1" 200 262 "-" "PostmanRuntime/7.50.0"
::1 - - [24/Nov/2025:06:58:42 +0000] "GET /api/members HTTP/1.1" 200 262 "-" "PostmanRuntime/7.50.0"
::1 - - [24/Nov/2025:06:58:43 +0000] "GET /api/members HTTP/1.1" 200 262 "-" "PostmanRuntime/7.50.0"
::1 - - [24/Nov/2025:06:58:44 +0000] "GET /api/members HTTP/1.1" 200 262 "-" "PostmanRuntime/7.50.0"
::1 - - [24/Nov/2025:06:58:45 +0000] "GET /api/members HTTP/1.1" 200 262 "-" "PostmanRuntime/7.50.0"
::1 - - [24/Nov/2025:06:58:46 +0000] "GET /api/members HTTP/1.1" 200 262 "-" "PostmanRuntime/7.50.0"
::1 - - [24/Nov/2025:06:58:46 +0000] "GET /api/members HTTP/1.1" 200 262 "-" "PostmanRuntime/7.50.0"
::1 - - [24/Nov/2025:06:58:47 +0000] "GET /api/members HTTP/1.1" 200 262 "-" "PostmanRuntime/7.50.0"
::1 - - [24/Nov/2025:06:58:47 +0000] "GET /api/members HTTP/1.1" 200 262 "-" "PostmanRuntime/7.50.0"
::1 - - [24/Nov/2025:06:58:48 +0000] "GET /api/members HTTP/1.1" 200 262 "-" "PostmanRuntime/7.50.0"
::1 - - [24/Nov/2025:06:58:49 +0000] "GET /api/members HTTP/1.1" 200 262 "-" "PostmanRuntime/7.50.0"
::1 - - [24/Nov/2025:06:58:50 +0000] "GET /api/members HTTP/1.1" 200 262 "-" "PostmanRuntime/7.50.0"
::1 - - [24/Nov/2025:06:58:51 +0000] "GET /api/members HTTP/1.1" 200 262 "-" "PostmanRuntime/7.50.0"
::1 - - [24/Nov/2025:06:58:52 +0000] "GET /api/members HTTP/1.1" 200 262 "-" "PostmanRuntime/7.50.0"
::1 - - [24/Nov/2025:06:58:52 +0000] "GET /api/members HTTP/1.1" 200 262 "-" "PostmanRuntime/7.50.0"
::1 - - [24/Nov/2025:06:58:53 +0000] "GET /api/members HTTP/1.1" 200 262 "-" "PostmanRuntime/7.50.0"
::1 - - [24/Nov/2025:06:58:54 +0000] "GET /api/members HTTP/1.1" 200 262 "-" "PostmanRuntime/7.50.0"
::1 - - [24/Nov/2025:06:58:54 +0000] "GET /api/members HTTP/1.1" 200 262 "-" "PostmanRuntime/7.50.0"
::1 - - [24/Nov/2025:06:58:55 +0000] "GET /api/members HTTP/1.1" 200 262 "-" "PostmanRuntime/7.50.0"
::1 - - [24/Nov/2025:06:58:56 +0000] "GET /api/members HTTP/1.1" 200 262 "-" "PostmanRuntime/7.50.0"
::1 - - [24/Nov/2025:06:58:57 +0000] "GET /api/members HTTP/1.1" 200 262 "-" "PostmanRuntime/7.50.0"
::1 - - [24/Nov/2025:06:58:57 +0000] "GET /api/members HTTP/1.1" 200 262 "-" "PostmanRuntime/7.50.0"
::1 - - [24/Nov/2025:06:58:58 +0000] "GET /api/members HTTP/1.1" 200 262 "-" "PostmanRuntime/7.50.0"
::1 - - [24/Nov/2025:06:58:59 +0000] "GET /api/members HTTP/1.1" 200 262 "-" "PostmanRuntime/7.50.0"
::1 - - [24/Nov/2025:06:58:59 +0000] "GET /api/members HTTP/1.1" 200 262 "-" "PostmanRuntime/7.50.0"
::1 - - [24/Nov/2025:06:59:00 +0000] "GET /api/members HTTP/1.1" 200 262 "-" "PostmanRuntime/7.50.0"
::1 - - [24/Nov/2025:06:59:01 +0000] "GET /api/members HTTP/1.1" 200 262 "-" "PostmanRuntime/7.50.0"
::1 - - [24/Nov/2025:06:59:01 +0000] "GET /api/members HTTP/1.1" 200 262 "-" "PostmanRuntime/7.50.0"
::1 - - [24/Nov/2025:06:59:02 +0000] "GET /api/members HTTP/1.1" 200 262 "-" "PostmanRuntime/7.50.0"
::1 - - [24/Nov/2025:06:59:02 +0000] "GET /api/members HTTP/1.1" 200 262 "-" "PostmanRuntime/7.50.0"
::1 - - [24/Nov/2025:06:59:03 +0000] "GET /api/members HTTP/1.1" 200 262 "-" "PostmanRuntime/7.50.0"
::1 - - [24/Nov/2025:06:59:04 +0000] "GET /api/members HTTP/1.1" 200 262 "-" "PostmanRuntime/7.50.0"
::1 - - [24/Nov/2025:06:59:04 +0000] "GET /api/members HTTP/1.1" 200 262 "-" "PostmanRuntime/7.50.0"
::1 - - [24/Nov/2025:06:59:05 +0000] "GET /api/members HTTP/1.1" 200 262 "-" "PostmanRuntime/7.50.0"
::1 - - [24/Nov/2025:06:59:06 +0000] "GET /api/members HTTP/1.1" 200 262 "-" "PostmanRuntime/7.50.0"
::1 - - [24/Nov/2025:06:59:06 +0000] "GET /api/members HTTP/1.1" 200 262 "-" "PostmanRuntime/7.50.0"
::1 - - [24/Nov/2025:06:59:07 +0000] "GET /api/members HTTP/1.1" 200 262 "-" "PostmanRuntime/7.50.0"
::1 - - [24/Nov/2025:06:59:07 +0000] "GET /api/members HTTP/1.1" 200 262 "-" "PostmanRuntime/7.50.0"
::1 - - [24/Nov/2025:06:59:08 +0000] "GET /api/members HTTP/1.1" 200 262 "-" "PostmanRuntime/7.50.0"
::1 - - [24/Nov/2025:06:59:09 +0000] "GET /api/members HTTP/1.1" 200 262 "-" "PostmanRuntime/7.50.0"
::1 - - [24/Nov/2025:06:59:09 +0000] "GET /api/members HTTP/1.1" 200 262 "-" "PostmanRuntime/7.50.0"
::1 - - [24/Nov/2025:06:59:10 +0000] "GET /api/members HTTP/1.1" 200 262 "-" "PostmanRuntime/7.50.0"
::1 - - [24/Nov/2025:06:59:11 +0000] "GET /api/members HTTP/1.1" 200 262 "-" "PostmanRuntime/7.50.0"
::1 - - [24/Nov/2025:06:59:11 +0000] "GET /api/members HTTP/1.1" 200 262 "-" "PostmanRuntime/7.50.0"
::1 - - [24/Nov/2025:06:59:12 +0000] "GET /api/members HTTP/1.1" 200 262 "-" "PostmanRuntime/7.50.0"
::1 - - [24/Nov/2025:06:59:12 +0000] "GET /api/members HTTP/1.1" 200 262 "-" "PostmanRuntime/7.50.0"
::1 - - [24/Nov/2025:07:00:58 +0000] "GET /api/members HTTP/1.1" 200 262 "-" "PostmanRuntime/7.50.0"
::1 - - [24/Nov/2025:07:00:59 +0000] "GET /api/members HTTP/1.1" 200 262 "-" "PostmanRuntime/7.50.0"
::1 - - [24/Nov/2025:07:01:00 +0000] "GET /api/members HTTP/1.1" 200 262 "-" "PostmanRuntime/7.50.0"
::1 - - [24/Nov/2025:07:01:01 +0000] "GET /api/members HTTP/1.1" 200 262 "-" "PostmanRuntime/7.50.0"
::1 - - [24/Nov/2025:07:01:02 +0000] "GET /api/members HTTP/1.1" 200 262 "-" "PostmanRuntime/7.50.0"
::1 - - [24/Nov/2025:07:01:03 +0000] "GET /api/members HTTP/1.1" 200 262 "-" "PostmanRuntime/7.50.0"
::1 - - [24/Nov/2025:07:01:03 +0000] "GET /api/members HTTP/1.1" 200 262 "-" "PostmanRuntime/7.50.0"
::1 - - [24/Nov/2025:07:01:04 +0000] "GET /api/members HTTP/1.1" 200 262 "-" "PostmanRuntime/7.50.0"
::1 - - [24/Nov/2025:07:01:05 +0000] "GET /api/members HTTP/1.1" 200 262 "-" "PostmanRuntime/7.50.0"
::1 - - [24/Nov/2025:07:01:06 +0000] "GET /api/members HTTP/1.1" 200 262 "-" "PostmanRuntime/7.50.0"
::1 - - [24/Nov/2025:07:07:18 +0000] "GET /api/health HTTP/1.1" 200 140 "-" "PostmanRuntime/7.50.0"
::1 - - [24/Nov/2025:07:07:19 +0000] "GET /api/metrics HTTP/1.1" 200 222 "-" "PostmanRuntime/7.50.0"
::1 - - [24/Nov/2025:07:07:19 +0000] "GET /api/info HTTP/1.1" 200 509 "-" "PostmanRuntime/7.50.0"
::1 - - [24/Nov/2025:07:07:19 +0000] "GET /api/members HTTP/1.1" 200 262 "-" "PostmanRuntime/7.50.0"
::1 - - [24/Nov/2025:07:07:19 +0000] "GET /api/members/1 HTTP/1.1" 200 113 "-" "PostmanRuntime/7.50.0"
::1 - - [24/Nov/2025:07:07:19 +0000] "POST /api/members HTTP/1.1" 201 101 "-" "PostmanRuntime/7.50.0"
::1 - - [24/Nov/2025:07:07:19 +0000] "PUT /api/members/1 HTTP/1.1" 200 113 "-" "PostmanRuntime/7.50.0"
::1 - - [24/Nov/2025:07:07:19 +0000] "DELETE /api/members/2 HTTP/1.1" 404 52 "-" "PostmanRuntime/7.50.0"
::1 - - [24/Nov/2025:07:07:56 +0000] "GET /api/health HTTP/1.1" 200 140 "-" "PostmanRuntime/7.50.0"
::1 - - [24/Nov/2025:07:07:56 +0000] "GET /api/metrics HTTP/1.1" 200 222 "-" "PostmanRuntime/7.50.0"
::1 - - [24/Nov/2025:07:07:56 +0000] "GET /api/info HTTP/1.1" 200 509 "-" "PostmanRuntime/7.50.0"
::1 - - [24/Nov/2025:07:07:56 +0000] "GET /api/members HTTP/1.1" 200 336 "-" "PostmanRuntime/7.50.0"
::1 - - [24/Nov/2025:07:07:57 +0000] "GET /api/members/1 HTTP/1.1" 200 113 "-" "PostmanRuntime/7.50.0"
::1 - - [24/Nov/2025:07:07:57 +0000] "POST /api/members HTTP/1.1" 201 101 "-" "PostmanRuntime/7.50.0"
::1 - - [24/Nov/2025:07:07:57 +0000] "PUT /api/members/1 HTTP/1.1" 200 113 "-" "PostmanRuntime/7.50.0"
::1 - - [24/Nov/2025:07:07:57 +0000] "DELETE /api/members/2 HTTP/1.1" 404 52 "-" "PostmanRuntime/7.50.0"
::1 - - [24/Nov/2025:07:07:57 +0000] "GET /api/health HTTP/1.1" 200 140 "-" "PostmanRuntime/7.50.0"
::1 - - [24/Nov/2025:07:07:57 +0000] "GET /api/metrics HTTP/1.1" 200 222 "-" "PostmanRuntime/7.50.0"
::1 - - [24/Nov/2025:07:07:57 +0000] "GET /api/info HTTP/1.1" 200 509 "-" "PostmanRuntime/7.50.0"
::1 - - [24/Nov/2025:07:07:57 +0000] "GET /api/members HTTP/1.1" 200 410 "-" "PostmanRuntime/7.50.0"
::1 - - [24/Nov/2025:07:07:57 +0000] "GET /api/members/1 HTTP/1.1" 200 113 "-" "PostmanRuntime/7.50.0"
::1 - - [24/Nov/2025:07:07:57 +0000] "POST /api/members HTTP/1.1" 201 101 "-" "PostmanRuntime/7.50.0"
::1 - - [24/Nov/2025:07:07:57 +0000] "PUT /api/members/1 HTTP/1.1" 200 113 "-" "PostmanRuntime/7.50.0"
::1 - - [24/Nov/2025:07:07:57 +0000] "DELETE /api/members/2 HTTP/1.1" 404 52 "-" "PostmanRuntime/7.50.0"
::1 - - [24/Nov/2025:07:07:58 +0000] "GET /api/health HTTP/1.1" 200 140 "-" "PostmanRuntime/7.50.0"
::1 - - [24/Nov/2025:07:07:58 +0000] "GET /api/metrics HTTP/1.1" 200 222 "-" "PostmanRuntime/7.50.0"
::1 - - [24/Nov/2025:07:07:58 +0000] "GET /api/info HTTP/1.1" 200 509 "-" "PostmanRuntime/7.50.0"
::1 - - [24/Nov/2025:07:07:58 +0000] "GET /api/members HTTP/1.1" 200 484 "-" "PostmanRuntime/7.50.0"
::1 - - [24/Nov/2025:07:07:58 +0000] "GET /api/members/1 HTTP/1.1" 200 113 "-" "PostmanRuntime/7.50.0"
::1 - - [24/Nov/2025:07:07:58 +0000] "POST /api/members HTTP/1.1" 201 101 "-" "PostmanRuntime/7.50.0"
::1 - - [24/Nov/2025:07:07:58 +0000] "PUT /api/members/1 HTTP/1.1" 200 113 "-" "PostmanRuntime/7.50.0"
::1 - - [24/Nov/2025:07:07:58 +0000] "DELETE /api/members/2 HTTP/1.1" 404 52 "-" "PostmanRuntime/7.50.0"
::1 - - [24/Nov/2025:07:07:58 +0000] "GET /api/health HTTP/1.1" 200 140 "-" "PostmanRuntime/7.50.0"
::1 - - [24/Nov/2025:07:07:58 +0000] "GET /api/metrics HTTP/1.1" 200 222 "-" "PostmanRuntime/7.50.0"
::1 - - [24/Nov/2025:07:07:58 +0000] "GET /api/info HTTP/1.1" 200 509 "-" "PostmanRuntime/7.50.0"
::1 - - [24/Nov/2025:07:07:59 +0000] "GET /api/members HTTP/1.1" 200 558 "-" "PostmanRuntime/7.50.0"
